<?xml version="1.0" encoding="utf-8"?><testsuites><testsuite name="pytest" errors="0" failures="0" skipped="0" tests="5" time="60.812" timestamp="2022-02-09T09:35:57.091383" hostname="DESKTOP-UHJ5SPT"><testcase classname="test_HomePage.TestHomePage" name="test_FormSubmission[getTestData0]" time="13.798" /><testcase classname="test_HomePage.TestHomePage" name="test_FormSubmission[getTestData1]" time="5.133" /><testcase classname="test_HomePage.TestHomePage" name="test_FormSubmission[getTestData2]" time="5.549" /><testcase classname="test_e2eShop.TestOne" name="test_e2e" time="17.641" /><testcase classname="test_e2eShopToFail.TestOne" name="test_e2e" time="18.179" /></testsuite></testsuites>